<?xml version="1.0" encoding="UTF-8"?>
<!-- Generated by org.testng.reporters.JUnitXMLReporter -->
<testsuite hostname="DESKTOP-6AVQDCU" ignored="4" name="First Test Run" tests="5" failures="0" timestamp="09 Dec 2020 00:28:42 GMT" time="0.172" errors="0">
  <testcase name="test1" time="0.028" classname="practice.HookPractice"/>
  <testcase name="test3" time="0.002" classname="practice.HookPractice"/>
  <testcase name="test1" time="0.002" classname="practice.HookPractice"/>
  <testcase name="test3" time="0.008" classname="practice.HookPractice"/>
  <testcase name="test5" time="0.005" classname="practice.HookPractice2"/>
  <testcase name="test6" time="0.0" classname="practice.HookPractice2">
    <ignored/>
  </testcase> <!-- test6 -->
  <testcase name="test4" time="0.0" classname="practice.HookPractice2">
    <ignored/>
  </testcase> <!-- test4 -->
  <testcase name="test2" time="0.0" classname="practice.HookPractice">
    <ignored/>
  </testcase> <!-- test2 -->
  <testcase name="test2" time="0.0" classname="practice.HookPractice">
    <ignored/>
  </testcase> <!-- test2 -->
</testsuite> <!-- First Test Run -->
