<?xml version="1.0" encoding="UTF-8"?>
<testng-results skipped="0" failed="0" ignored="0" total="1" passed="1">
  <reporter-output>
  </reporter-output>
  <suite name="Default suite" duration-ms="128" started-at="2020-12-15T02:17:22Z" finished-at="2020-12-15T02:17:22Z">
    <groups>
    </groups>
    <test name="Default test" duration-ms="128" started-at="2020-12-15T02:17:22Z" finished-at="2020-12-15T02:17:22Z">
      <class name="testRun.DataProviderPractice">
        <test-method status="PASS" signature="completeSentence()[pri:0, instance:testRun.DataProviderPractice@2805c96b]" name="completeSentence" duration-ms="37" started-at="2020-12-15T02:17:22Z" finished-at="2020-12-15T02:17:22Z">
          <reporter-output>
          </reporter-output>
        </test-method> <!-- completeSentence -->
      </class> <!-- testRun.DataProviderPractice -->
    </test> <!-- Default test -->
  </suite> <!-- Default suite -->
</testng-results>
